\BOOKMARK [1][-]{section.1}{Overview and Model Design}{}
\BOOKMARK [2][-]{subsection.1.1}{Overview}{section.1}
\BOOKMARK [3][-]{subsubsection.1.1.1}{Introduction}{subsection.1.1}
\BOOKMARK [3][-]{subsubsection.1.1.2}{Hierarchic collision detection}{subsection.1.1}
\BOOKMARK [2][-]{subsection.1.2}{Model specification}{section.1}
\BOOKMARK [3][-]{subsubsection.1.2.1}{Object descriptions}{subsection.1.2}
\BOOKMARK [3][-]{subsubsection.1.2.2}{Coupling the levels}{subsection.1.2}
\BOOKMARK [3][-]{subsubsection.1.2.3}{Parental realignment}{subsection.1.2}
\BOOKMARK [2][-]{subsection.1.3}{Shape correspondence to molecular objects}{section.1}
\BOOKMARK [3][-]{subsubsection.1.3.1}{Proteins}{subsection.1.3}
\BOOKMARK [3][-]{subsubsection.1.3.2}{Nucleic acids}{subsection.1.3}
\BOOKMARK [1][-]{section.2}{Algorithms and Implementation}{}
\BOOKMARK [2][-]{subsection.2.1}{Collision algorithms}{section.2}
\BOOKMARK [3][-]{subsubsection.2.1.1}{Avoiding N N}{subsection.2.1}
\BOOKMARK [3][-]{subsubsection.2.1.2}{Calculating contacts}{subsection.2.1}
\BOOKMARK [2][-]{subsection.2.2}{Confining children in their parent object}{section.2}
\BOOKMARK [3][-]{subsubsection.2.2.1}{Spheres}{subsection.2.2}
\BOOKMARK [3][-]{subsubsection.2.2.2}{Tubes}{subsection.2.2}
\BOOKMARK [3][-]{subsubsection.2.2.3}{Ellipsoids}{subsection.2.2}
\BOOKMARK [2][-]{subsection.2.3}{Bonds and links}{section.2}
\BOOKMARK [3][-]{subsubsection.2.3.1}{bonder}{subsection.2.3}
\BOOKMARK [3][-]{subsubsection.2.3.2}{linker}{subsection.2.3}
\BOOKMARK [1][-]{section.3}{Examples and Applications}{}
\BOOKMARK [2][-]{subsection.3.1}{Collision detection test data}{section.3}
\BOOKMARK [3][-]{subsubsection.3.1.1}{Colliding Hilbert chains}{subsection.3.1}
\BOOKMARK [3][-]{subsubsection.3.1.2}{Colliding multiple protein domains}{subsection.3.1}
\BOOKMARK [2][-]{subsection.3.2}{Distance constraint satisfaction}{section.3}
\BOOKMARK [3][-]{subsubsection.3.2.1}{Rhodopsin}{subsection.3.2}
\BOOKMARK [3][-]{subsubsection.3.2.2}{SAM riboswitch}{subsection.3.2}
\BOOKMARK [1][-]{section.4}{Summary and Discussion}{}
\BOOKMARK [2][-]{subsection.4.1}{Summary}{section.4}
\BOOKMARK [3][-]{subsubsection.4.1.1}{Collision algorithms}{subsection.4.1}
\BOOKMARK [3][-]{subsubsection.4.1.2}{Constraint satisfaction}{subsection.4.1}
\BOOKMARK [2][-]{subsection.4.2}{Limitations and potential}{section.4}
\BOOKMARK [2][-]{subsection.4.3}{Relationship to other methods}{section.4}
\BOOKMARK [2][-]{subsection.4.4}{Conclusion}{section.4}
