This is pdfTeX, Version 3.1415926-1.40.10 (TeX Live 2009/Debian) (format=latex 2013.5.31)  6 NOV 2015 07:55
entering extended mode
 %&-line parsing enabled.
**caption.ins
(./caption.ins
LaTeX2e <2009/09/24>
Babel <v3.8l> and hyphenation patterns for english, usenglishmax, dumylang, noh
yphenation, loaded.
(/usr/share/texmf-texlive/tex/latex/base/docstrip.tex
\blockLevel=\count79
\emptyLines=\count80
\processedLines=\count81
\commentsRemoved=\count82
\commentsPassed=\count83
\codeLinesPassed=\count84
\TotalprocessedLines=\count85
\TotalcommentsRemoved=\count86
\TotalcommentsPassed=\count87
\TotalcodeLinesPassed=\count88
\NumberOfFiles=\count89
\inFile=\read1
\inputcheck=\read2
\off@0=\count90
\off@1=\count91
\off@2=\count92
\off@3=\count93
\off@4=\count94
\off@5=\count95
\off@6=\count96
\off@7=\count97
\off@8=\count98
\off@9=\count99
\off@10=\count100
\off@11=\count101
\off@12=\count102
\off@13=\count103
\off@14=\count104
\off@15=\count105
\@maxfiles=\count106
\@maxoutfiles=\count107

Utility: `docstrip' 2.5d <2005/07/29>
English documentation    <1999/03/31>

**********************************************************
* This program converts documented macro-files into fast *
* loadable files by stripping off (nearly) all comments! *
**********************************************************

********************************************************
* No Configuration file found, using default settings. *
********************************************************

(./caption.ins

Generating file(s) ./caption.sty 
\openout0 = `./caption.sty'.


Processing file caption.dtx (package) -> caption.sty
File caption.dtx ended by \endinput.
Lines  processed: 4769
Comments removed: 2984
Comments  passed: 5
Codelines passed: 1776


Generating file(s) ./caption2.sty 
\openout0 = `./caption2.sty'.


Processing file caption2.dtx (package) -> caption2.sty
File caption2.dtx ended by \endinput.
Lines  processed: 1388
Comments removed: 952
Comments  passed: 0
Codelines passed: 431


Generating file(s) ./caption3.sty 
\openout0 = `./caption3.sty'.


Processing file caption3.dtx (package) -> caption3.sty
File caption3.dtx ended by \endinput.
Lines  processed: 3932
Comments removed: 2255
Comments  passed: 1
Codelines passed: 1672


Generating file(s) ./bicaption.sty 
\openout0 = `./bicaption.sty'.


Processing file bicaption.dtx (package) -> bicaption.sty
File bicaption.dtx ended by \endinput.
Lines  processed: 1223
Comments removed: 989
Comments  passed: 0
Codelines passed: 230


Generating file(s) ./ltcaption.sty 
\openout0 = `./ltcaption.sty'.


Processing file ltcaption.dtx (package) -> ltcaption.sty
File ltcaption.dtx ended by \endinput.
Lines  processed: 903
Comments removed: 693
Comments  passed: 0
Codelines passed: 206


Generating file(s) ./subcaption.sty 
\openout0 = `./subcaption.sty'.


Processing file subcaption.dtx (package) -> subcaption.sty
File subcaption.dtx ended by \endinput.
Lines  processed: 1140
Comments removed: 1006
Comments  passed: 0
Codelines passed: 130


Generating file(s) ./newfloat.sty 
\openout0 = `./newfloat.sty'.


Processing file newfloat.dtx (package) -> newfloat.sty
File newfloat.dtx ended by \endinput.
Lines  processed: 1832
Comments removed: 1101
Comments  passed: 2
Codelines passed: 725


Generating file(s) ./totalcount.sty 
\openout0 = `./totalcount.sty'.


Processing file totalcount.dtx (package) -> totalcount.sty
File totalcount.dtx ended by \endinput.
Lines  processed: 387
Comments removed: 288
Comments  passed: 0
Codelines passed: 95

***********************************************************
*
* To finish the installation you have to move the files
* `caption.sty', `caption2.sty', 'caption3.sty',
* `bicaption.sty', `ltcaption.sty', `subcaption.sty',
* `newfloat.sty', and `totalcount.sty'
* into a directory searched by TeX.
*
* To produce the documentation run the file
* `caption-eng.tex' (English version) or `caption-rus.tex'
* (Russian version) or `caption-deu.tex' (German version)
* through LaTeX.
*
***********************************************************
)
Overall statistics:
Files  processed: 8
Lines  processed: 15574
Comments removed: 10268
Comments  passed: 8
Codelines passed: 5265
 ) ) 
Here is how much of TeX's memory you used:
 383 strings out of 495062
 4210 string characters out of 1182644
 53035 words of memory out of 3000000
 3646 multiletter control sequences out of 15000+50000
 3640 words of font info for 14 fonts, out of 3000000 for 9000
 28 hyphenation exceptions out of 8191
 15i,0n,15p,286b,120s stack positions out of 5000i,500n,10000p,200000b,50000s

No pages of output.
